c:\users\viktor.liewenthal\documents\visual studio 2012\projects\university\socketexample\socketexample\release\socketexample.pch
c:\users\viktor.liewenthal\documents\visual studio 2012\projects\university\socketexample\socketexample\release\stdafx.obj
c:\users\viktor.liewenthal\documents\visual studio 2012\projects\university\socketexample\socketexample\release\vc110.pdb
c:\users\viktor.liewenthal\documents\visual studio 2012\projects\university\socketexample\socketexample\release\socketexample.obj
c:\users\viktor.liewenthal\documents\visual studio 2012\projects\university\socketexample\release\socketexample.exe
c:\users\viktor.liewenthal\documents\visual studio 2012\projects\university\socketexample\release\socketexample.pdb
c:\users\masly\desktop\iag0010 2017 version 1\programming examples\socketexample\socketexample\release\socketexample.pch
c:\users\masly\desktop\iag0010 2017 version 1\programming examples\socketexample\socketexample\release\vc141.pdb
c:\users\masly\desktop\iag0010 2017 version 1\programming examples\socketexample\socketexample\release\stdafx.obj
c:\users\masly\desktop\iag0010 2017 version 1\programming examples\socketexample\socketexample\release\socketexample.obj
c:\users\masly\desktop\iag0010 2017 version 1\programming examples\socketexample\release\socketexample.exe
c:\users\masly\desktop\iag0010 2017 version 1\programming examples\socketexample\release\socketexample.pdb
c:\users\masly\desktop\iag0010 2017 version 1\programming examples\socketexample\release\socketexample.ipdb
c:\users\masly\desktop\iag0010 2017 version 1\programming examples\socketexample\release\socketexample.iobj
c:\users\masly\desktop\iag0010 2017 version 1\programming examples\socketexample\socketexample\release\cl.command.1.tlog
c:\users\masly\desktop\iag0010 2017 version 1\programming examples\socketexample\socketexample\release\cl.read.1.tlog
c:\users\masly\desktop\iag0010 2017 version 1\programming examples\socketexample\socketexample\release\cl.write.1.tlog
c:\users\masly\desktop\iag0010 2017 version 1\programming examples\socketexample\socketexample\release\link-cvtres.read.1.tlog
c:\users\masly\desktop\iag0010 2017 version 1\programming examples\socketexample\socketexample\release\link-cvtres.write.1.tlog
c:\users\masly\desktop\iag0010 2017 version 1\programming examples\socketexample\socketexample\release\link-rc.read.1.tlog
c:\users\masly\desktop\iag0010 2017 version 1\programming examples\socketexample\socketexample\release\link-rc.write.1.tlog
c:\users\masly\desktop\iag0010 2017 version 1\programming examples\socketexample\socketexample\release\link.command.1.tlog
c:\users\masly\desktop\iag0010 2017 version 1\programming examples\socketexample\socketexample\release\link.read.1.tlog
c:\users\masly\desktop\iag0010 2017 version 1\programming examples\socketexample\socketexample\release\link.write.1.tlog
c:\users\masly\desktop\iag0010 2017 version 1\programming examples\socketexample\socketexample\release\vc110.pdb
c:\users\masly\desktop\iag0010 2017 version 1\programming examples\socketexample\socketexample\release\socketexample.tlog\cl.command.1.tlog
c:\users\masly\desktop\iag0010 2017 version 1\programming examples\socketexample\socketexample\release\socketexample.tlog\cl.read.1.tlog
c:\users\masly\desktop\iag0010 2017 version 1\programming examples\socketexample\socketexample\release\socketexample.tlog\cl.write.1.tlog
c:\users\masly\desktop\iag0010 2017 version 1\programming examples\socketexample\socketexample\release\socketexample.tlog\link.command.1.tlog
c:\users\masly\desktop\iag0010 2017 version 1\programming examples\socketexample\socketexample\release\socketexample.tlog\link.read.1.tlog
c:\users\masly\desktop\iag0010 2017 version 1\programming examples\socketexample\socketexample\release\socketexample.tlog\link.write.1.tlog
c:\users\masly\desktop\iag0010 2017 version 1\programming examples\socketexample\socketexample\release\socketexample.tlog\socketexample.write.1u.tlog
